
Slackware package maker, version 2.1.

Searching for symbolic links:

No symbolic links were found, so we won't make an installation script.
You can make your own later in ./install/doinst.sh and rebuild the
package if you like.

This next step is optional - you can set the directories in your package
to some sane permissions. If any of the directories in your package have
special permissions, then DO NOT reset them here!

Would you like to reset all directory permissions to 755 (drwxr-xr-x) and
directory ownerships to root.root ([y]es, [n]o)? n


Creating tar file rrdtool-1.2.13-x86_64-1rha.tar...

./
tar-1.13: rrdtool-1.2.13-x86_64-1rha.tar is the archive; not dumped
install/
install/slack-desc
usr/
usr/man/
usr/man/man3/
usr/doc/
usr/doc/rrdtool-1.2.13/
usr/doc/rrdtool-1.2.13/TODO
usr/doc/rrdtool-1.2.13/THREADS
usr/doc/rrdtool-1.2.13/README
usr/doc/rrdtool-1.2.13/NT-BUILD-TIPS.txt
usr/doc/rrdtool-1.2.13/NEWS
usr/doc/rrdtool-1.2.13/COPYRIGHT
usr/doc/rrdtool-1.2.13/COPYING
usr/doc/rrdtool-1.2.13/CONTRIBUTORS
usr/doc/rrdtool-1.2.13/CHANGES

Gzipping rrdtool-1.2.13-x86_64-1rha.tar...

Renaming rrdtool-1.2.13-x86_64-1rha.tar.gz to rrdtool-1.2.13-x86_64-1rha.tgz...

Moving rrdtool-1.2.13-x86_64-1rha.tgz to /tmp...

Package creation complete.

